0 info it worked if it ends with ok
1 verbose cli [ 'C:\\Program Files\\nodejs\\node.exe',
1 verbose cli   'C:\\Program Files\\nodejs\\node_modules\\npm\\bin\\npm-cli.js',
1 verbose cli   'run',
1 verbose cli   'test' ]
2 info using npm@3.10.10
3 info using node@v6.9.4
4 verbose run-script [ 'pretest', 'test', 'posttest' ]
5 info lifecycle SA-19KV@1.0.0~pretest: SA-19KV@1.0.0
6 silly lifecycle SA-19KV@1.0.0~pretest: no script for pretest, continuing
7 info lifecycle SA-19KV@1.0.0~test: SA-19KV@1.0.0
8 verbose lifecycle SA-19KV@1.0.0~test: unsafe-perm in lifecycle true
9 verbose lifecycle SA-19KV@1.0.0~test: PATH: C:\Program Files\nodejs\node_modules\npm\bin\node-gyp-bin;C:\projects\olive\ng-starter\node_modules\.bin;C:\Program Files (x86)\Intel\iCLS Client\;C:\Program Files\Intel\iCLS Client\;C:\Windows\system32;C:\Windows;C:\Windows\System32\Wbem;C:\Windows\System32\WindowsPowerShell\v1.0\;C:\Program Files (x86)\Intel\Intel(R) Management Engine Components\DAL;C:\Program Files\Intel\Intel(R) Management Engine Components\DAL;C:\Program Files (x86)\Intel\Intel(R) Management Engine Components\IPT;C:\Program Files\Intel\Intel(R) Management Engine Components\IPT;C:\Program Files\nodejs\;C:\Program Files\Git\cmd;C:\Users\admin\AppData\Roaming\npm;C:\Program Files (x86)\Microsoft VS Code\bin;C:\Program Files\MongoDB\Server\3.4\bin
10 verbose lifecycle SA-19KV@1.0.0~test: CWD: C:\projects\olive\ng-starter
11 silly lifecycle SA-19KV@1.0.0~test: Args: [ '/d /s /c', 'set NODE_ENV=test && karma start' ]
12 silly lifecycle SA-19KV@1.0.0~test: Returned: code: 3221225786  signal: null
13 info lifecycle SA-19KV@1.0.0~test: Failed to exec test script
14 verbose stack Error: SA-19KV@1.0.0 test: `set NODE_ENV=test && karma start`
14 verbose stack Exit status 3221225786
14 verbose stack     at EventEmitter.<anonymous> (C:\Program Files\nodejs\node_modules\npm\lib\utils\lifecycle.js:255:16)
14 verbose stack     at emitTwo (events.js:106:13)
14 verbose stack     at EventEmitter.emit (events.js:191:7)
14 verbose stack     at ChildProcess.<anonymous> (C:\Program Files\nodejs\node_modules\npm\lib\utils\spawn.js:40:14)
14 verbose stack     at emitTwo (events.js:106:13)
14 verbose stack     at ChildProcess.emit (events.js:191:7)
14 verbose stack     at maybeClose (internal/child_process.js:877:16)
14 verbose stack     at Process.ChildProcess._handle.onexit (internal/child_process.js:226:5)
15 verbose pkgid SA-19KV@1.0.0
16 verbose cwd C:\projects\olive\ng-starter
17 error Windows_NT 6.1.7601
18 error argv "C:\\Program Files\\nodejs\\node.exe" "C:\\Program Files\\nodejs\\node_modules\\npm\\bin\\npm-cli.js" "run" "test"
19 error node v6.9.4
20 error npm  v3.10.10
21 error code ELIFECYCLE
22 error SA-19KV@1.0.0 test: `set NODE_ENV=test && karma start`
22 error Exit status 3221225786
23 error Failed at the SA-19KV@1.0.0 test script 'set NODE_ENV=test && karma start'.
23 error Make sure you have the latest version of node.js and npm installed.
23 error If you do, this is most likely a problem with the SA-19KV package,
23 error not with npm itself.
23 error Tell the author that this fails on your system:
23 error     set NODE_ENV=test && karma start
23 error You can get information on how to open an issue for this project with:
23 error     npm bugs SA-19KV
23 error Or if that isn't available, you can get their info via:
23 error     npm owner ls SA-19KV
23 error There is likely additional logging output above.
24 verbose exit [ 1, true ]
